[    0.000000] Initializing cgroup subsys cpuset
[    0.000000] Initializing cgroup subsys cpu
[    0.000000] Initializing cgroup subsys cpuacct
[    0.000000] Linux version 4.4.0-128-generic (buildd@lcy01-amd64-019) (gcc version 5.4.0 20160609 (Ubuntu 5.4.0-6ubuntu1~16.04.9) ) #154-Ubuntu SMP Fri May 25 14:15:18 UTC 2018 (Ubuntu 4.4.0-128.154-generic 4.4.131)
[    0.000000] Command line: BOOT_IMAGE=/boot/vmlinuz-4.4.0-128-generic root=LABEL=cloudimg-rootfs ro console=tty1 console=ttyS0
[    0.000000] KERNEL supported cpus:
[    0.000000]   Intel GenuineIntel
[    0.000000]   AMD AuthenticAMD
[    0.000000]   Centaur CentaurHauls
[    0.000000] x86/fpu: xstate_offset[2]:  576, xstate_sizes[2]:  256
[    0.000000] x86/fpu: Supporting XSAVE feature 0x01: 'x87 floating point registers'
[    0.000000] x86/fpu: Supporting XSAVE feature 0x02: 'SSE registers'
[    0.000000] x86/fpu: Supporting XSAVE feature 0x04: 'AVX registers'
[    0.000000] x86/fpu: Enabled xstate features 0x7, context size is 832 bytes, using 'standard' format.
[    0.000000] x86/fpu: Using 'lazy' FPU context switches.
[    0.000000] e820: BIOS-provided physical RAM map:
[    0.000000] BIOS-e820: [mem 0x0000000000000000-0x000000000009fbff] usable
[    0.000000] BIOS-e820: [mem 0x000000000009fc00-0x000000000009ffff] reserved
[    0.000000] BIOS-e820: [mem 0x00000000000f0000-0x00000000000fffff] reserved
[    0.000000] BIOS-e820: [mem 0x0000000000100000-0x000000007ffeffff] usable
[    0.000000] BIOS-e820: [mem 0x000000007fff0000-0x000000007fffffff] ACPI data
[    0.000000] BIOS-e820: [mem 0x00000000fec00000-0x00000000fec00fff] reserved
[    0.000000] BIOS-e820: [mem 0x00000000fee00000-0x00000000fee00fff] reserved
[    0.000000] BIOS-e820: [mem 0x00000000fffc0000-0x00000000ffffffff] reserved
[    0.000000] NX (Execute Disable) protection: active
[    0.000000] SMBIOS 2.5 present.
[    0.000000] Hypervisor detected: KVM
[    0.000000] Kernel/User page tables isolation: disabled
[    0.000000] e820: last_pfn = 0x7fff0 max_arch_pfn = 0x400000000
[    0.000000] MTRR: Disabled
[    0.000000] x86/PAT: MTRRs disabled, skipping PAT initialization too.
[    0.000000] CPU MTRRs all blank - virtualized system.
[    0.000000] x86/PAT: Configuration [0-7]: WB  WT  UC- UC  WB  WT  UC- UC  
[    0.000000] found SMP MP-table at [mem 0x0009fff0-0x0009ffff] mapped at [ffff88000009fff0]
[    0.000000] Scanning 1 areas for low memory corruption
[    0.000000] RAMDISK: [mem 0x36aa4000-0x37549fff]
[    0.000000] ACPI: Early table checksum verification disabled
[    0.000000] ACPI: RSDP 0x00000000000E0000 000024 (v02 VBOX  )
[    0.000000] ACPI: XSDT 0x000000007FFF0030 00003C (v01 VBOX   VBOXXSDT 00000001 ASL  00000061)
[    0.000000] ACPI: FACP 0x000000007FFF00F0 0000F4 (v04 VBOX   VBOXFACP 00000001 ASL  00000061)
[    0.000000] ACPI: DSDT 0x000000007FFF0470 0021FF (v02 VBOX   VBOXBIOS 00000002 INTL 20160108)
[    0.000000] ACPI: FACS 0x000000007FFF0200 000040
[    0.000000] ACPI: FACS 0x000000007FFF0200 000040
[    0.000000] ACPI: APIC 0x000000007FFF0240 00005C (v02 VBOX   VBOXAPIC 00000001 ASL  00000061)
[    0.000000] ACPI: SSDT 0x000000007FFF02A0 0001CC (v01 VBOX   VBOXCPUT 00000002 INTL 20160108)
[    0.000000] No NUMA configuration found
[    0.000000] Faking a node at [mem 0x0000000000000000-0x000000007ffeffff]
[    0.000000] NODE_DATA(0) allocated [mem 0x7ffeb000-0x7ffeffff]
[    0.000000] kvm-clock: Using msrs 4b564d01 and 4b564d00
[    0.000000] kvm-clock: cpu 0, msr 0:7ffe3001, primary cpu clock
[    0.000000] kvm-clock: using sched offset of 3036767107 cycles
[    0.000000] clocksource: kvm-clock: mask: 0xffffffffffffffff max_cycles: 0x1cd42e4dffb, max_idle_ns: 881590591483 ns
[    0.000000] Zone ranges:
[    0.000000]   DMA      [mem 0x0000000000001000-0x0000000000ffffff]
[    0.000000]   DMA32    [mem 0x0000000001000000-0x000000007ffeffff]
[    0.000000]   Normal   empty
[    0.000000]   Device   empty
[    0.000000] Movable zone start for each node
[    0.000000] Early memory node ranges
[    0.000000]   node   0: [mem 0x0000000000001000-0x000000000009efff]
[    0.000000]   node   0: [mem 0x0000000000100000-0x000000007ffeffff]
[    0.000000] Initmem setup node 0 [mem 0x0000000000001000-0x000000007ffeffff]
[    0.000000] ACPI: PM-Timer IO Port: 0x4008
[    0.000000] IOAPIC[0]: apic_id 2, version 32, address 0xfec00000, GSI 0-23
[    0.000000] ACPI: INT_SRC_OVR (bus 0 bus_irq 0 global_irq 2 dfl dfl)
[    0.000000] ACPI: INT_SRC_OVR (bus 0 bus_irq 9 global_irq 9 high level)
[    0.000000] Using ACPI (MADT) for SMP configuration information
[    0.000000] smpboot: Allowing 2 CPUs, 0 hotplug CPUs
[    0.000000] PM: Registered nosave memory: [mem 0x00000000-0x00000fff]
[    0.000000] PM: Registered nosave memory: [mem 0x0009f000-0x0009ffff]
[    0.000000] PM: Registered nosave memory: [mem 0x000a0000-0x000effff]
[    0.000000] PM: Registered nosave memory: [mem 0x000f0000-0x000fffff]
[    0.000000] e820: [mem 0x80000000-0xfebfffff] available for PCI devices
[    0.000000] Booting paravirtualized kernel on KVM
[    0.000000] clocksource: refined-jiffies: mask: 0xffffffff max_cycles: 0xffffffff, max_idle_ns: 7645519600211568 ns
[    0.000000] setup_percpu: NR_CPUS:512 nr_cpumask_bits:512 nr_cpu_ids:2 nr_node_ids:1
[    0.000000] PERCPU: Embedded 34 pages/cpu @ffff88007fc00000 s99544 r8192 d31528 u1048576
[    0.000000] PV qspinlock hash table entries: 256 (order: 0, 4096 bytes)
[    0.000000] Built 1 zonelists in Node order, mobility grouping on.  Total pages: 515960
[    0.000000] Policy zone: DMA32
[    0.000000] Kernel command line: BOOT_IMAGE=/boot/vmlinuz-4.4.0-128-generic root=LABEL=cloudimg-rootfs ro console=tty1 console=ttyS0
[    0.000000] PID hash table entries: 4096 (order: 3, 32768 bytes)
[    0.000000] Memory: 2033808K/2096696K available (8541K kernel code, 1313K rwdata, 4000K rodata, 1512K init, 1316K bss, 62888K reserved, 0K cma-reserved)
[    0.000000] SLUB: HWalign=64, Order=0-3, MinObjects=0, CPUs=2, Nodes=1
[    0.000000] Hierarchical RCU implementation.
[    0.000000] 	Build-time adjustment of leaf fanout to 64.
[    0.000000] 	RCU restricting CPUs from NR_CPUS=512 to nr_cpu_ids=2.
[    0.000000] RCU: Adjusting geometry for rcu_fanout_leaf=64, nr_cpu_ids=2
[    0.000000] NR_IRQS:33024 nr_irqs:440 16
[    0.000000] Console: colour VGA+ 80x25
[    0.000000] console [tty1] enabled
[    0.000000] console [ttyS0] enabled
[    0.000000] tsc: Detected 2994.372 MHz processor
[    0.000000] tsc: Marking TSC unstable due to TSCs unsynchronized
[    0.008000] Calibrating delay loop (skipped) preset value.. 5988.74 BogoMIPS (lpj=11977488)
[    0.012012] pid_max: default: 32768 minimum: 301
[    0.016026] ACPI: Core revision 20150930
[    0.021358] ACPI: 2 ACPI AML tables successfully acquired and loaded
[    0.028307] Security Framework initialized
[    0.032010] Yama: becoming mindful.
[    0.036037] AppArmor: AppArmor initialized
[    0.040745] Dentry cache hash table entries: 262144 (order: 9, 2097152 bytes)
[    0.044732] Inode-cache hash table entries: 131072 (order: 8, 1048576 bytes)
[    0.048075] Mount-cache hash table entries: 4096 (order: 3, 32768 bytes)
[    0.049898] Mountpoint-cache hash table entries: 4096 (order: 3, 32768 bytes)
[    0.052699] Initializing cgroup subsys io
[    0.056017] Initializing cgroup subsys memory
[    0.060026] Initializing cgroup subsys devices
[    0.064019] Initializing cgroup subsys freezer
[    0.068016] Initializing cgroup subsys net_cls
[    0.072019] Initializing cgroup subsys perf_event
[    0.076014] Initializing cgroup subsys net_prio
[    0.080029] Initializing cgroup subsys hugetlb
[    0.084013] Initializing cgroup subsys pids
[    0.088080] CPU: Physical Processor ID: 0
[    0.092009] CPU: Processor Core ID: 0
[    0.104317] mce: CPU supports 0 MCE banks
[    0.108049] Last level iTLB entries: 4KB 1024, 2MB 1024, 4MB 512
[    0.112009] Last level dTLB entries: 4KB 1536, 2MB 1536, 4MB 768, 1GB 0
[    0.116011] Spectre V2 : LFENCE not serializing. Switching to generic retpoline
[    0.120010] Spectre V2 : Mitigation: Full generic retpoline
[    0.124009] Spectre V2 : Speculation control IBPB not-supported IBRS not-supported
[    0.128008] Spectre V2 : Filling RSB on context switch
[    0.129134] Speculative Store Bypass: Mitigation: Speculative Store Bypass disabled via prctl and seccomp
[    0.134196] Freeing SMP alternatives memory: 32K
[    0.147125] ftrace: allocating 32236 entries in 126 pages
[    0.180110] smpboot: APIC(0) Converting physical 0 to logical package 0
[    0.184011] smpboot: Max logical packages: 1
[    0.188253] x2apic enabled
[    0.192008] Switched APIC routing to physical x2apic.
[    0.196958] ..TIMER: vector=0x30 apic1=0 pin1=2 apic2=-1 pin2=-1
[    0.204000] smpboot: CPU0: AMD Ryzen 7 1700 Eight-Core Processor (family: 0x17, model: 0x1, stepping: 0x1)
[    0.216019] Performance Events: Broken PMU hardware detected, using software events only.
[    0.224004] Failed to access perfctr msr (MSR c0010007 is 0)
[    0.228040] KVM setup paravirtual spinlock
[    0.232879] x86: Booting SMP configuration:
[    0.236006] .... node  #0, CPUs:      #1
[    0.008000] kvm-clock: cpu 1, msr 0:7ffe3041, secondary cpu clock
[    0.008000] mce: CPU supports 0 MCE banks
[    0.248389] x86: Booted up 1 node, 2 CPUs
[    0.252009] smpboot: Total of 2 processors activated (11977.48 BogoMIPS)
[    0.252978] devtmpfs: initialized
[    0.256519] evm: security.selinux
[    0.264006] evm: security.SMACK64
[    0.264006] evm: security.SMACK64EXEC
[    0.265734] evm: security.SMACK64TRANSMUTE
[    0.266424] evm: security.SMACK64MMAP
[    0.267077] evm: security.ima
[    0.268002] evm: security.capability
[    0.288234] clocksource: jiffies: mask: 0xffffffff max_cycles: 0xffffffff, max_idle_ns: 7645041785100000 ns
[    0.308032] futex hash table entries: 512 (order: 3, 32768 bytes)
[    0.320090] pinctrl core: initialized pinctrl subsystem
[    0.324133] RTC time: 12:17:42, date: 11/27/18
[    0.328240] NET: Registered protocol family 16
[    0.344006] cpuidle: using governor ladder
[    0.360007] cpuidle: using governor menu
[    0.364035] PCCT header not found.
[    0.365938] ACPI: bus type PCI registered
[    0.368020] acpiphp: ACPI Hot Plug PCI Controller Driver version: 0.5
[    0.372121] PCI: Using configuration type 1 for base access
[    0.376006] PCI: Using configuration type 1 for extended access
[    0.396735] ACPI: Added _OSI(Module Device)
[    0.416010] ACPI: Added _OSI(Processor Device)
[    0.416751] ACPI: Added _OSI(3.0 _SCP Extensions)
[    0.417513] ACPI: Added _OSI(Processor Aggregator Device)
[    0.420411] ACPI: Executed 1 blocks of module-level executable AML code
[    0.432171] ACPI: Interpreter enabled
[    0.436031] ACPI: (supports S0 S5)
[    0.436741] ACPI: Using IOAPIC for interrupt routing
[    0.444253] PCI: Using host bridge windows from ACPI; if necessary, use "pci=nocrs" and report a bug
[    0.448276] ACPI: PCI Root Bridge [PCI0] (domain 0000 [bus 00-ff])
[    0.450852] acpi PNP0A03:00: _OSC: OS supports [ExtendedConfig ASPM ClockPM Segments MSI]
[    0.452046] acpi PNP0A03:00: _OSC: OS now controls [PCIeHotplug PME AER PCIeCapability]
[    0.453605] PCI host bridge to bus 0000:00
[    0.456007] pci_bus 0000:00: root bus resource [io  0x0000-0x0cf7 window]
[    0.468012] pci_bus 0000:00: root bus resource [io  0x0d00-0xffff window]
[    0.469015] pci_bus 0000:00: root bus resource [mem 0x000a0000-0x000bffff window]
[    0.472000] pci_bus 0000:00: root bus resource [mem 0x80000000-0xffdfffff window]
[    0.480006] pci_bus 0000:00: root bus resource [bus 00-ff]
[    0.481080] pci 0000:00:01.1: legacy IDE quirk: reg 0x10: [io  0x01f0-0x01f7]
[    0.481859] pci 0000:00:01.1: legacy IDE quirk: reg 0x14: [io  0x03f6]
[    0.492006] pci 0000:00:01.1: legacy IDE quirk: reg 0x18: [io  0x0170-0x0177]
[    0.492787] pci 0000:00:01.1: legacy IDE quirk: reg 0x1c: [io  0x0376]
[    0.545018] pci 0000:00:07.0: quirk: [io  0x4000-0x403f] claimed by PIIX4 ACPI
[    0.552029] pci 0000:00:07.0: quirk: [io  0x4100-0x410f] claimed by PIIX4 SMB
[    0.594496] ACPI: PCI Interrupt Link [LNKA] (IRQs 5 9 10 *11)
[    0.612774] ACPI: PCI Interrupt Link [LNKB] (IRQs 5 9 10 *11)
[    0.620113] ACPI: PCI Interrupt Link [LNKC] (IRQs 5 9 *10 11)
[    0.624450] ACPI: PCI Interrupt Link [LNKD] (IRQs 5 *9 10 11)
[    0.628681] ACPI: Enabled 2 GPEs in block 00 to 07
[    0.632176] vgaarb: setting as boot device: PCI:0000:00:02.0
[    0.636000] vgaarb: device added: PCI:0000:00:02.0,decodes=io+mem,owns=io+mem,locks=none
[    0.648022] vgaarb: loaded
[    0.656006] vgaarb: bridge control possible 0000:00:02.0
[    0.657243] SCSI subsystem initialized
[    0.660067] ACPI: bus type USB registered
[    0.660821] usbcore: registered new interface driver usbfs
[    0.661730] usbcore: registered new interface driver hub
[    0.664048] usbcore: registered new device driver usb
[    0.668103] PCI: Using ACPI for IRQ routing
[    0.669242] NetLabel: Initializing
[    0.680006] NetLabel:  domain hash size = 128
[    0.680006] NetLabel:  protocols = UNLABELED CIPSOv4
[    0.688028] NetLabel:  unlabeled traffic allowed by default
[    0.692067] amd_nb: Cannot enumerate AMD northbridges
[    0.694117] clocksource: Switched to clocksource kvm-clock
[    0.704098] AppArmor: AppArmor Filesystem Enabled
[    0.722455] pnp: PnP ACPI init
[    0.723619] pnp: PnP ACPI: found 3 devices
[    0.732189] clocksource: acpi_pm: mask: 0xffffff max_cycles: 0xffffff, max_idle_ns: 2085701024 ns
[    0.737307] NET: Registered protocol family 2
[    0.738040] TCP established hash table entries: 16384 (order: 5, 131072 bytes)
[    0.739059] TCP bind hash table entries: 16384 (order: 6, 262144 bytes)
[    0.739882] TCP: Hash tables configured (established 16384 bind 16384)
[    0.740665] UDP hash table entries: 1024 (order: 3, 32768 bytes)
[    0.742627] UDP-Lite hash table entries: 1024 (order: 3, 32768 bytes)
[    0.754737] NET: Registered protocol family 1
[    0.755326] pci 0000:00:00.0: Limiting direct PCI/PCI transfers
[    0.756055] pci 0000:00:01.0: Activating ISA DMA hang workarounds
[    0.756900] Unpacking initramfs...
[    2.488859] Freeing initrd memory: 10904K
[    2.513578] clocksource: tsc: mask: 0xffffffffffffffff max_cycles: 0x2b29812ce43, max_idle_ns: 440795323173 ns
[    2.516074] platform rtc_cmos: registered platform RTC device (no PNP device found)
[    2.516108] Scanning for low memory corruption every 60 seconds
[    2.516379] audit: initializing netlink subsys (disabled)
[    2.516396] audit: type=2000 audit(1543321066.530:1): initialized
[    2.516629] Initialise system trusted keyring
[    2.516715] HugeTLB registered 2 MB page size, pre-allocated 0 pages
[    2.517713] zbud: loaded
[    2.518020] VFS: Disk quotas dquot_6.6.0
[    2.518042] VFS: Dquot-cache hash table entries: 512 (order 0, 4096 bytes)
[    2.518220] squashfs: version 4.0 (2009/01/31) Phillip Lougher
[    2.518383] fuse init (API version 7.23)
[    2.518522] Key type big_key registered
[    2.518539] Allocating IMA MOK and blacklist keyrings.
[    2.518785] Key type asymmetric registered
[    2.518791] Asymmetric key parser 'x509' registered
[    2.518816] Block layer SCSI generic (bsg) driver version 0.4 loaded (major 249)
[    2.518835] io scheduler noop registered
[    2.518837] io scheduler deadline registered (default)
[    2.518859] io scheduler cfq registered
[    2.518927] pci_hotplug: PCI Hot Plug PCI Core version: 0.5
[    2.518931] pciehp: PCI Express Hot Plug Controller Driver version: 0.4
[    2.519029] ACPI: AC Adapter [AC] (on-line)
[    2.519069] input: Power Button as /devices/LNXSYSTM:00/LNXPWRBN:00/input/input0
[    2.519071] ACPI: Power Button [PWRF]
[    2.519114] input: Sleep Button as /devices/LNXSYSTM:00/LNXSLPBN:00/input/input1
[    2.519115] ACPI: Sleep Button [SLPF]
[    2.519218] GHES: HEST is not enabled!
[    2.519281] Serial: 8250/16550 driver, 32 ports, IRQ sharing enabled
[    2.543893] 00:02: ttyS0 at I/O 0x3f8 (irq = 4, base_baud = 115200) is a 16550A
[    2.552571] Linux agpgart interface v0.103
[    2.553575] loop: module loaded
[    2.553972] scsi host0: ata_piix
[    2.554019] scsi host1: ata_piix
[    2.554042] ata1: PATA max UDMA/33 cmd 0x1f0 ctl 0x3f6 bmdma 0xd000 irq 14
[    2.554043] ata2: PATA max UDMA/33 cmd 0x170 ctl 0x376 bmdma 0xd008 irq 15
[    2.554098] libphy: Fixed MDIO Bus: probed
[    2.554100] tun: Universal TUN/TAP device driver, 1.6
[    2.554100] tun: (C) 1999-2004 Max Krasnyansky <maxk@qualcomm.com>
[    2.554324] PPP generic driver version 2.4.2
[    2.554362] ehci_hcd: USB 2.0 'Enhanced' Host Controller (EHCI) Driver
[    2.554366] ehci-pci: EHCI PCI platform driver
[    2.554377] ehci-platform: EHCI generic platform driver
[    2.554382] ohci_hcd: USB 1.1 'Open' Host Controller (OHCI) Driver
[    2.554384] ohci-pci: OHCI PCI platform driver
[    2.554391] ohci-platform: OHCI generic platform driver
[    2.554396] uhci_hcd: USB Universal Host Controller Interface driver
[    2.554469] i8042: PNP: PS/2 Controller [PNP0303:PS2K,PNP0f03:PS2M] at 0x60,0x64 irq 1,12
[    2.554867] serio: i8042 KBD port at 0x60,0x64 irq 1
[    2.554871] serio: i8042 AUX port at 0x60,0x64 irq 12
[    2.554960] mousedev: PS/2 mouse device common for all mice
[    2.555176] input: AT Translated Set 2 keyboard as /devices/platform/i8042/serio0/input/input2
[    2.555422] rtc_cmos rtc_cmos: rtc core: registered rtc_cmos as rtc0
[    2.555470] rtc_cmos rtc_cmos: alarms up to one day, 114 bytes nvram
[    2.555475] i2c /dev entries driver
[    2.555540] device-mapper: uevent: version 1.0.3
[    2.555661] device-mapper: ioctl: 4.34.0-ioctl (2015-10-28) initialised: dm-devel@redhat.com
[    2.555702] ledtrig-cpu: registered to indicate activity on CPUs
[    2.556362] NET: Registered protocol family 10
[    2.556785] NET: Registered protocol family 17
[    2.556808] Key type dns_resolver registered
[    2.557306] registered taskstats version 1
[    2.557352] Loading compiled-in X.509 certificates
[    2.558818] Loaded X.509 cert 'Build time autogenerated kernel key: fc7b57a7df019f2655f66a8a374d74ee8f4999fc'
[    2.558863] zswap: loaded using pool lzo/zbud
[    2.562854] Key type trusted registered
[    2.568046] Key type encrypted registered
[    2.568052] AppArmor: AppArmor sha1 policy hashing enabled
[    2.568055] ima: No TPM chip found, activating TPM-bypass!
[    2.568055] evm: HMAC attrs: 0x1
[    2.568055]   Magic number: 10:53:280
[    2.568055] tty tty17: hash matches
[    2.570983] rtc_cmos rtc_cmos: setting system clock to 2018-11-27 12:17:44 UTC (1543321064)
[    2.572738] BIOS EDD facility v0.16 2004-Jun-25, 0 devices found
[    2.572739] EDD information not available.
[    2.851916] Freeing unused kernel memory: 1512K
[    2.932042] Write protecting the kernel read-only data: 14336k
[    2.965606] Freeing unused kernel memory: 1688K
[    2.981077] Freeing unused kernel memory: 96K
Loading, please wait...
starting version[    3.015640] random: systemd-udevd: uninitialized urandom read (16 bytes read, 5 bits of entropy available)
 229
[    3.016499] random: udevadm: uninitialized urandom read (16 bytes read, 5 bits of entropy available)
[    3.016524] random: udevadm: uninitialized urandom read (16 bytes read, 5 bits of entropy available)
[    3.027065] random: udevadm: uninitialized urandom read (16 bytes read, 5 bits of entropy available)
[    3.027117] random: udevadm: uninitialized urandom read (16 bytes read, 5 bits of entropy available)
[    3.027267] random: udevadm: uninitialized urandom read (16 bytes read, 5 bits of entropy available)
[    3.027327] random: udevadm: uninitialized urandom read (16 bytes read, 5 bits of entropy available)
[    3.027384] random: udevadm: uninitialized urandom read (16 bytes read, 5 bits of entropy available)
[    3.027441] random: udevadm: uninitialized urandom read (16 bytes read, 5 bits of entropy available)
[    3.027497] random: udevadm: uninitialized urandom read (16 bytes read, 5 bits of entropy available)
[    3.232165] e1000: Intel(R) PRO/1000 Network Driver - version 7.3.21-k8-NAPI
[    3.242091] e1000: Copyright (c) 1999-2006 Intel Corporation.
[    3.269439] Fusion MPT base driver 3.04.20
[    3.277984] Copyright (c) 1999-2008 LSI Corporation
[    3.287734] Fusion MPT SPI Host driver 3.04.20
[    3.310617] AVX version of gcm_enc/dec engaged.
[    3.316745] AES CTR mode by8 optimization enabled
[    3.498747] input: ImExPS/2 Generic Explorer Mouse as /devices/platform/i8042/serio1/input/input4
[    3.610416] e1000 0000:00:03.0 eth0: (PCI:33MHz:32-bit) 02:40:c1:fa:9b:f5
[    3.616662] e1000 0000:00:03.0 eth0: Intel(R) PRO/1000 Network Connection
[    3.978034] e1000 0000:00:08.0 eth1: (PCI:33MHz:32-bit) 08:00:27:26:13:98
[    3.992716] e1000 0000:00:08.0 eth1: Intel(R) PRO/1000 Network Connection
[    4.326998] e1000 0000:00:09.0 eth2: (PCI:33MHz:32-bit) 08:00:27:0e:66:da
[    4.389481] e1000 0000:00:09.0 eth2: Intel(R) PRO/1000 Network Connection
[    4.731737] e1000 0000:00:0a.0 eth3: (PCI:33MHz:32-bit) 08:00:27:51:35:44
[    4.738056] e1000 0000:00:0a.0 eth3: Intel(R) PRO/1000 Network Connection
[    4.740910] e1000 0000:00:08.0 enp0s8: renamed from eth1
[    4.751431] mptbase: ioc0: Initiating bringup
[    4.764355] e1000 0000:00:09.0 enp0s9: renamed from eth2
[    4.784472] e1000 0000:00:03.0 enp0s3: renamed from eth0
[    4.816162] e1000 0000:00:0a.0 enp0s10: renamed from eth3
[    4.852289] ioc0: LSI53C1030 A0: Capabilities={Initiator}
[    5.020407] scsi host2: ioc0: LSI53C1030 A0, FwRev=00000000h, Ports=1, MaxQ=256, IRQ=20
[    5.144351] scsi 2:0:0:0: Direct-Access     VBOX     HARDDISK         1.0  PQ: 0 ANSI: 5
[    5.159750] scsi target2:0:0: Beginning Domain Validation
[    5.161487] scsi target2:0:0: Domain Validation skipping write tests
[    5.162439] scsi target2:0:0: Ending Domain Validation
[    5.163326] scsi target2:0:0: asynchronous
[    5.165676] scsi 2:0:1:0: Direct-Access     VBOX     HARDDISK         1.0  PQ: 0 ANSI: 5
[    5.186201] scsi target2:0:1: Beginning Domain Validation
[    5.187692] scsi target2:0:1: Domain Validation skipping write tests
[    5.188622] scsi target2:0:1: Ending Domain Validation
[    5.189457] scsi target2:0:1: asynchronous
[    5.194346] sd 2:0:0:0: [sda] 20971520 512-byte logical blocks: (10.7 GB/10.0 GiB)
[    5.196240] sd 2:0:0:0: Attached scsi generic sg0 type 0
[    5.198006] sd 2:0:0:0: [sda] Write Protect is off
[    5.198019] sd 2:0:1:0: Attached scsi generic sg1 type 0
[    5.200119] sd 2:0:1:0: [sdb] 20480 512-byte logical blocks: (10.5 MB/10.0 MiB)
[    5.202644] sd 2:0:1:0: [sdb] Write Protect is off
[    5.203449] sd 2:0:0:0: [sda] Incomplete mode parameter data
[    5.204409] sd 2:0:0:0: [sda] Assuming drive cache: write through
[    5.205355] sd 2:0:1:0: [sdb] Incomplete mode parameter data
[    5.206226] sd 2:0:1:0: [sdb] Assuming drive cache: write through
[    5.207359]  sda: sda1
[    5.207704] sd 2:0:0:0: [sda] Attached SCSI disk
[    5.213754] sd 2:0:1:0: [sdb] Attached SCSI disk
Begin: Loading e[    6.530500] md: linear personality registered for level -1
ssential drivers ... [    6.547344] md: multipath personality registered for level -4
[    6.562981] md: raid0 personality registered for level 0
[    6.571601] md: raid1 personality registered for level 1
[    6.652162] raid6: sse2x1   gen()  3754 MB/s
[    6.732178] raid6: sse2x1   xor()  3760 MB/s
[    6.812130] raid6: sse2x2   gen()  7744 MB/s
[    6.908079] raid6: sse2x2   xor()  4477 MB/s
[    6.988096] raid6: sse2x4   gen()  7544 MB/s
[    7.068088] raid6: sse2x4   xor()  4192 MB/s
[    7.082725] raid6: using algorithm sse2x2 gen() 7744 MB/s
[    7.085523] raid6: .... xor() 4477 MB/s, rmw enabled
[    7.086117] raid6: using ssse3x2 recovery algorithm
[    7.103412] xor: automatically using best checksumming function:
[    7.176015]    avx       : 10227.000 MB/sec
[    7.217989] async_tx: api initialized (async)
[    7.253708] md: raid6 personality registered for level 6
[    7.291237] md: raid5 personality registered for level 5
[    7.294372] md: raid4 personality registered for level 4
[    7.304291] md: raid10 personality registered for level 10
done.
Begin: Running /scripts/init-premount ... done.
Begin: Mounting root file system ... Begin: Running /scripts/local-top ... done.
Begin: Runni[    7.358991] Btrfs loaded
ng /scripts/local-premount ... Scanning for Btrfs filesystems
done.
Warning: fsck no[    7.387759] EXT4-fs (sda1): mounted filesystem with ordered data mode. Opts: (null)
t present, so skipping root file system
done.
Begin: Running /scripts/local-bottom ... done.
Begin: Running /scripts/init-bottom ... done.
[    7.479954] systemd[1]: systemd 229 running in system mode. (+PAM +AUDIT +SELINUX +IMA +APPARMOR +SMACK +SYSVINIT +UTMP +LIBCRYPTSETUP +GCRYPT +GNUTLS +ACL +XZ -LZ4 +SECCOMP +BLKID +ELFUTILS +KMOD -IDN)
[    7.495418] systemd[1]: Detected virtualization oracle.
[    7.496256] systemd[1]: Detected architecture x86-64.

Welcome to [1mUbuntu 16.04.4 LTS[0m!

[    7.503313] systemd[1]: Set hostname to <ubuntu>.
[    7.515945] systemd[1]: Initializing machine ID from random generator.
[    7.532236] systemd[1]: Installed transient /etc/machine-id file.
[    7.653909] systemd[1]: Set up automount Arbitrary Executable File Formats File System Automount Point.
[[0;32m  OK  [0m] Set up automount Arbitrary Executab...ats File System Automount Point.
[    7.696609] systemd[1]: Listening on Syslog Socket.
[[0;32m  OK  [0m] Listening on Syslog Socket.
[    7.745730] systemd[1]: Listening on LVM2 poll daemon socket.
[[0;32m  OK  [0m] Listening on LVM2 poll daemon socket.
[    7.763620] systemd[1]: Listening on udev Kernel Socket.
[[0;32m  OK  [0m] Listening on udev Kernel Socket.
[    7.773619] systemd[1]: Listening on Journal Audit Socket.
[[0;32m  OK  [0m] Listening on Journal Audit Socket.
[    7.780139] systemd[1]: Reached target Encrypted Volumes.
[[0;32m  OK  [0m] Reached target Encrypted Volumes.
[    7.786665] systemd[1]: Listening on udev Control Socket.
[[0;32m  OK  [0m] Listening on udev Control Socket.
[    7.820320] systemd[1]: Started Trigger resolvconf update for networkd DNS.
[[0;32m  OK  [0m] Started Trigger resolvconf update for networkd DNS.
[    7.825267] systemd[1]: Listening on Journal Socket (/dev/log).
[[0;32m  OK  [0m] Listening on Journal Socket (/dev/log).
[    7.857533] systemd[1]: Reached target System Time Synchronized.
[[0;32m  OK  [0m] Reached target System Time Synchronized.
[    7.920624] systemd[1]: Created slice System Slice.
[[0;32m  OK  [0m] Created slice System Slice.
[    7.944613] systemd[1]: Listening on Journal Socket.
[[0;32m  OK  [0m] Listening on Journal Socket.
[    7.972302] systemd[1]: Starting Set console keymap...
         Starting Set console keymap...
[    8.012906] systemd[1]: Starting Uncomplicated firewall...
         Starting Uncomplicated firewall...
[    8.056201] systemd[1]: Mounting Debug File System...
         Mounting Debug File System...
[    8.075699] systemd[1]: Mounting POSIX Message Queue File System...
         Mounting POSIX Message Queue File System...
[    8.078302] systemd[1]: Listening on Device-mapper event daemon FIFOs.
[[0;32m  OK  [0m] Listening on Device-mapper event daemon FIFOs.
[    8.086694] systemd[1]: Reached target Swap.
[[0;32m  OK  [0m] Reached target Swap.
[    8.088016] systemd[1]: Listening on /dev/initctl Compatibility Named Pipe.
[[0;32m  OK  [0m] Listening on /dev/initctl Compatibility Named Pipe.
[    8.090880] systemd[1]: Listening on LVM2 metadata daemon socket.
[[0;32m  OK  [0m] Listening on LVM2 metadata daemon socket.
[    8.116278] systemd[1]: Starting Monitoring of LVM2 mirrors, snapshots etc. using dmeventd or progress polling...
         Starting Monitoring of LVM2 mirrors... dmeventd or progress polling...
[    8.147888] systemd[1]: Starting Remount Root and Kernel File Systems...
[    8.150620] EXT4-fs (sda1): re-mounted. Opts: (null)
         Starting Remount Root and Kernel File Systems...
[    8.163933] systemd[1]: Starting Nameserver information manager...
         Starting Nameserver information manager...
[    8.178633] systemd[1]: Starting Create list of required static device nodes for the current kernel...
         Starting Create list of required st... nodes for the current kernel...
[    8.197506] systemd[1]: Started Forward Password Requests to Wall Directory Watch.
[[0;32m  OK  [0m] Started Forward Password Requests to Wall Directory Watch.
[    8.203848] systemd[1]: Starting Load Kernel Modules...
[    8.213764] Loading iSCSI transport class v2.0-870.
         Starting Load Kernel Modules...
[    8.216763] systemd[1]: Mounting Huge Pages File System...
         Mounting Huge Pages File System...
[    8.220092] systemd[1]: Starting Journal Service...
         Starting Journal Service...
[    8.222567] systemd[1]: Reached target User and Group Name Lookups.
[[0;32m  OK  [0m] Reached target User and Group Name Lookups.
[    8.230400] systemd[1]: Created slice User and Session Slice.
[[0;32m  OK  [[    8.249053] iscsi: registered transport (tcp)
0m] Created slic[    8.250941] random: nonblocking pool is initialized
e User and Session Slice.
[    8.268598] systemd[1]: Created slice system-serial\x2dgetty.slice.
[[0;32m  OK  [0m] Created slice system-serial\x2dgetty.slice.
[    8.271641] systemd[1]: Reached target Slices.
[[0;32m  OK  [0m] Reached target Slices.
[    8.291498] iscsi: registered transport (iser)
[    8.293802] systemd[1]: Mounted Debug File System.
[[0;32m  OK  [0m] Mounted Debug File System.
[    8.298481] systemd[1]: Mounted POSIX Message Queue File System.
[[0;32m  OK  [0m] Mounted POSIX Message Queue File System.
[    8.310624] systemd[1]: Mounted Huge Pages File System.
[[0;32m  OK  [0m] Mounted Huge Pages File System.
[    8.312495] systemd[1]: Started Journal Service.
[[0;32m  OK  [0m] Started Journal Service.
[[0;32m  OK  [0m] Started Set console keymap.
[[0;32m  OK  [0m] Started Uncomplicated firewall.
[[0;32m  OK  [0m] Started Remount Root and Kernel File Systems.
[[0;32m  OK  [0m] Started Create list of required sta...ce nodes for the current kernel.
[[0;32m  OK  [0m] Started Load Kernel Modules.
[[0;32m  OK  [0m] Started Nameserver information manager.
[[0;32m  OK  [0m] Started LVM2 metadata daemon.
         Mounting FUSE Control File System...
         Starting Apply Kernel Variables...
         Starting Create Static Device Nodes in /dev...
         Starting Load/Save Random Seed...
         Starting udev Coldplug all Devices...
         Starting Flush Journal to Persistent Storage...
[[0;32m  OK  [0m] Mounted FUSE Control File System.
[[0;32m  OK  [0m] Started Apply Kernel Variables.
[[0;32m  OK  [0m] Started Create Static Device Nodes in /dev.
[[0;32m  OK  [0m] Started Load/Save Random Seed.
[[0;32m  OK  [0m] Started udev Coldplug all Devices.
         Starting udev Kernel Device Manager...
[[0;32m  OK  [0m] Started udev Kernel Device Manager.
[[0;32m  OK  [0m] Started Flush Journal to Persistent Storage.
[[0;32m  OK  [0m] Started Dispatch Password Requests to Console Directory Watch.
[[0;32m  OK  [0m] Found device /dev/ttyS0.
[[0;32m  OK  [0m] Listening on Load/Save RF Kill Switch Status /dev/rfkill Watch.
[[0;32m  OK  [0m] Started Monitoring of LVM2 mirrors,...ng dmeventd or progress polling.
[[0;32m  OK  [0m] Reached target Local File Systems (Pre).
[[0;32m  OK  [0m] Reached target Local File Systems.
         Starting Tell Plymouth To Write Out Runtime Data...
         Starting LSB: AppArmor initialization...
         Starting Create Volatile Files and Directories...
         Starting Commit a transient machine-id on disk...
         Starting Set console font and keymap...
         Starting Initial cloud-init job (pre-networking)...
[[0;32m  OK  [0m] Started Tell Plymouth To Write Out Runtime Data.
[[0;32m  OK  [0m] Started Create Volatile Files and Directories.
[[0;32m  OK  [0m] Started Commit a transient machine-id on disk.
         Starting Update UTMP about System Boot/Shutdown...
[[0;32m  OK  [0m] Started Update UTMP about System Boot/Shutdown.
[[0;32m  OK  [0m] Started Set console font and keymap.
[[0;32m  OK  [0m] Created slice system-getty.slice.
[[0;32m  OK  [0m] Started LSB: AppArmor initialization.
[   10.484144] cloud-init[689]: Cloud-init v. 18.2 running 'init-local' at Tue, 27 Nov 2018 12:17:52 +0000. Up 10.15 seconds.
[[0;32m  OK  [0m] Started Initial cloud-init job (pre-networking).
[[0;32m  OK  [0m] Reached target Network (Pre).
         Starting Raise network interfaces...
[[0;32m  OK  [0m] Started Raise network interfaces.
         Starting Initial cloud-init job (metadata service crawler)...
[[0;32m  OK  [0m] Reached target Network.
[   11.970489] cloud-init[998]: Cloud-init v. 18.2 running 'init' at Tue, 27 Nov 2018 12:17:53 +0000. Up 11.31 seconds.
[[   12.045365] cloud-init[998]: ci-info: ++++++++++++++++++++++++++++++++++++++Net device info+++++++++++++++++++++++++++++++++++++++
[   12.045800] cloud-init[998]: ci-info: +---------+-------+----------------------------+---------------+-------+-------------------+
[0;32m  OK  [0m] Started Initial cloud-init job (metadata service crawler).
[   12.046377] cloud-init[998]: ci-info: |  Device |   Up  |          Address           |      Mask     | Scope |     Hw-Address    |
[   12.128459] cloud-init[998]: ci-info: +---------+-------+----------------------------+---------------+-------+-------------------+
[   12.128643] cloud-init[998]: ci-info: | enp0s10 | False |             .              |       .       |   .   | 08:00:27:51:35:44 |
[[0;32m  OK  [0m] Reached target Network is Online.
[   12.128762] cloud-init[998]: ci-info: |  enp0s3 |  True |         10.0.2.15          | 255.255.255.0 |   .   | 02:40:c1:fa:9b:f5 |
[   12.152207] cloud-init[998]: ci-info: |  enp0s3 |  True | fe80::40:c1ff:fefa:9bf5/64 |       .       |  link | 02:40:c1:fa:9b:f5 |
[   12.155628] cloud-init[998]: ci-info: |  enp0s8 | False |             .              |       .       |   .   | 08:00:27:26:13:98 |
[   12.170883] cloud-init[998]: ci-info: |  enp0s9 | False |             .              |       .       |   .   | 08:00:27:0e:66:da |
[   12.176127]          cloud-initStarting iSCSI initiator daemon (iscsid)...[998]: 
ci-info: |    lo   |  True |         127.0.0.1          |   255.0.0.0   |   .   |         .         |
[   12.252308] [cloud-init[0;32m  OK  [0m[998]: ] ci-info: |    lo   |  True |          ::1/128           |       .       |  host |         .         |Reached target System Initialization.

[   12.252582] cloud-init[998]: ci-info: +---------+-------+----------------------------+---------------+-------+-------------------+
[   12.480289] cloud-init[998]: ci-info: +++++++++++++++++++++++++++Route IPv4 info++++++++++++++++++++++++++++
[   12.480443] cloud-init[998]: ci-info: +-------+-------------+----------+---------------+-----------+-------+
         Starting LXD - unix socket.
[   12.480517] cloud-init[998]: ci-info: | Route | Destination | Gateway  |    Genmask    | Interface | Flags |
[   12.508596] cloud-init[998]: ci-info: +-------+-------------+----------+---------------+-----------+-------+
[[0;32m  OK  [0m] Listening on ACPID Listen Socket.
[   12.508713] cloud-init[998]: ci-info: |   0   |   0.0.0.0   | 10.0.2.2 |    0.0.0.0    |   enp0s3  |   UG  |
[   12.575833] cloud-init[998]: ci-info: |   1   |   10.0.2.0  | 0.0.0.0  | 255.255.255.0 |   enp0s3  |   U   |
[   12.575991] cloud-init[998]: ci-info: +-------+-------------+----------+---------------+-----------+-------+
         Starting Socket activation for snappy daemon.
[   12.576108] cloud-init[998]: Generating public/private rsa key pair.
[   12.711001] cloud-init[998]: Your identification has been saved in /etc/ssh/ssh_host_rsa_key.
[   12.711142] cloud-init[998]: Your public key has been saved in /etc/ssh/ssh_host_rsa_key.pub.
[[0;32m  OK  [0m] Started ACPI Events Check.
[[   12.711570] cloud-init[998]: The key fingerprint is:
[0;32m  OK  [0m] Reached target Paths.
[[   12.763423] cloud-init[998]: SHA256:75pIY/4WBewdCu/ULUkRYF1MnvzwIjXGO2Nv3JGd/PI root@ubuntu-xenial
[   12.774953] cloud-init[998]: The key's randomart image is:
[0;32m  OK  [0m] Listening on UUID daemon activation socket.
[   12.775064] cloud-init[998]: +---[RSA 2048]----+
[   12.785583] cloud-init[998]: |       .ooo*o    |
[   12.785729] cloud-init[998]: |      ..o ++..   |
[[0;32m  OK  [0m] Listening on D-Bus System Message Bus Socket.
[   12.786060] cloud-init[998]: |       + * +X    |
[   12.815796] cloud-init[998]: |        = *o.*. +|
[   12.815936] cloud-init[998]: |       oS...* o=.|
[   12.816099] cloud-init[998]: |        o. o * .o|
[   12.816359] cloud-init[998]: |      +  ..   = o|
[   12.816523] cloud-init[998]: |     + o.o   . o |
[   12.816696] cloud-init[998]: |      oo+..     E|
[   12.816856] cloud-init[998]: +----[SHA256]-----+
[   12.817017] cloud-init[998]: Generating public/private dsa key pair.
[   12.817182] cloud-init[998]: Your identification has been saved in /etc/ssh/ssh_host_dsa_key.
[   12.817343] cloud-init[998]: Your public key has been saved in /etc/ssh/ssh_host_dsa_key.pub.
[   12.817513] cloud-init[998]: The key fingerprint is:
[   12.817597] cloud-init[998]: SHA256:MNBjOQt/oD9SCaY3quM3/loOFnUkL3vk0Wj08g/4xzc root@ubuntu-xenial
[   12.817638] cloud-init[998]: The key's randomart image is:
[   12.817686] cloud-init[998]: +---[DSA 1024]----+
[   12.817727] cloud-init[998]: |    .o +         |
[   12.817768] cloud-init[998]: |    +.% +        |
[   12.817809] cloud-init[998]: |   o Oo# o       |
[   12.817848] cloud-init[998]: |  . = %o*        |
[   12.817889] cloud-init[998]: |   + = =So       |
[   12.817929] cloud-init[998]: |  . o + . +      |
[   12.817969] cloud-init[998]: | . o o . . + E   |
[   12.818011] cloud-init[998]: |o .o+     . . .  |
[   12.818051] cloud-init[998]: |.ooo+o           |
[   12.818091] cloud-init[998]: +----[SHA256]-----+
[   12.818131] cloud-init[998]: Generating public/private ecdsa key pair.
[   12.818175] cloud-init[998]: Your identification has been saved in /etc/ssh/ssh_host_ecdsa_key.
[   12.818217] cloud-init[998]: Your public key has been saved in /etc/ssh/ssh_host_ecdsa_key.pub.
[[0;32m  OK  [0m] Started Daily apt download activities.
[   12.818258] cloud-init[998]: The key fingerprint is:
[   12.954439] cloud-init[998]: SHA256:eW9zsBQzylseF5jPMbP4WT0TrPM4vu42CMcMJQYQG1k root@ubuntu-xenial
[[0;32m  OK  [0m] Started Daily apt upgrade and clean activities.
[[   12.954894] cloud-init[998]: The key's randomart image is:
[   12.963365] cloud-init[998]: +---[ECDSA 256]---+
[   12.963553] cloud-init[998]: |     +=E.        |
[   12.963714] cloud-init[998]: |     .o  o . o.  |
[0;32m  OK  [0m] Started Daily Cleanup of Temporary Directories.
[[   12.963799] cloud-init[998]: |     .  . o * =o |
[   12.979137] cloud-init[998]: |         + . B.*o|
[   12.979322] cloud-init[998]: |        S B *o=oo|
[   12.979479] cloud-init[998]: |         o X *+oo|
[0;32m  OK  [0m] Reached target Timers.
[[   12.979560] cloud-init[998]: |          + Bo+. |
[0;32m  OK  [0m] Reached target Cloud-config availability.
[   12.989696] cloud-init[998]: |           o.=.  |
[   13.001904] cloud-init[998]: |            +=o  |
[   13.003717] cloud-init[998]: +----[SHA256]-----+
[   13.007662] cloud-init[998]: Generating public/private ed25519 key pair.
[   13.013600] cloud-init[998]: Your identification has been saved in /etc/ssh/ssh_host_ed25519_key.
[   13.021943] cloud-init[998]: Your public key has been saved in /etc/ssh/ssh_host_ed25519_key.pub.
[   13.024090] cloud-init[998]: The key fingerprint is:
[   13.024349] cloud-init[998]: SHA256:wCSS15glSXzhOlL7ZELQ/pM9UG8TJt6jQbPjuSSTFxo root@ubuntu-xenial
[[0;32m  OK  [0m] Listening on LXD - unix socket.
[   13.024433] cloud-init[998]: The key's randomart image is:
[   13.038272] cloud-init[998]: +--[ED25519 256]--+
[   13.038408] cloud-init[998]: |  o=+*+.         |
[[0;32m  OK  [0m] Listening on Socket activation for snappy daemon.
[   13.038515] cloud-init[998]: |  .oB*o = o      |
[   13.051069] cloud-init[998]: |   oo.++ B .     |
[   13.051195] cloud-init[998]: |   o.oE.* *      |
[   13.051362] cloud-init[998]: |  . =.oOSB o     |
[   13.051533] cloud-init[998]: |   . *O O        |
[[0;32m  OK  [0m] Started iSCSI initiator daemon (iscsid).
[   13.051704] cloud-init[998]: |      .* o       |
[   13.068767] cloud-init[998]: |        .        |
[   13.070483] cloud-init[998]: |                 |
[   13.073237] cloud-init[998]: +----[SHA256]-----+
         Starting Login to default iSCSI targets...
[[0;32m  OK  [0m] Reached target Sockets.
[[0;32m  OK  [0m] Reached target Basic System.
         Starting Pollinate to seed the pseudo random number generator...
         Starting /etc/rc.local Compatibility...
         Starting Virtualbox guest utils...
[[0;32m  OK  [0m] Started Regular background program processing daemon.
         Starting System Logging Service...
[[0;32m  OK  [0m] Started D-Bus System Message Bus.
         Starting LSB: Record successful boot for GRUB...
         Starting Snappy daemon...
[[0;32m  OK  [0m] Started Deferred execution scheduler.
[[0;32m  OK  [0m] Started FUSE filesystem for LXC.
         Starting Accounts Service...
         Starting LSB: MD monitoring daemon...
[[0;32m  OK  [0m] Started ACPI event daemon.
[[0;32m  OK  [0m] Started Unattended Upgrades Shutdown.
         Starting Apply the settings specified in cloud-config...
         Starting Login Service...
         Starting LXD - container startup/shutdown...
[[0;32m  OK  [0m] Started System Logging Service.
[[0;32m  OK  [0m] Started Snappy daemon.
[[0;32m  OK  [0m] Started /etc/rc.local Compatibility.
[[0;32m  OK  [0m] Started LSB: Record successful boot for GRUB.
[[0;32m  OK  [0m] Started LXD - container startup/shutdown.
[[0;32m  OK  [0m] Started Virtualbox guest utils.
[[0;32m  OK  [0m] Started Login to default iSCSI targets.
[[0;32m  OK  [0m] Started LSB: MD monitoring daemon.
         Starting Authenticate and Authorize Users to Run Privileged Tasks...
[[0;32m  OK  [0m] Reached target Remote File Systems (Pre).
[[0;32m  OK  [0m] Reached target Remote File Systems.
         Starting LSB: automatic crash report generation...
         Starting LSB: Set the CPU Frequency Scaling governor to "ondemand"...
         Starting LSB: daemon to balance interrupts for SMP systems...
         Starting Permit User Sessions...
         Starting Wait until snapd is fully seeded...
[[0;32m  OK  [0m] Started Permit User Sessions.
[[0;32m  OK  [0m] Started Login Service.
[[0;32m  OK  [0m] Started Authenticate and Authorize Users to Run Privileged Tasks.
[[0;32m  OK  [0m] Started Accounts Service.
[[0;32m  OK  [0m] Started LSB: automatic crash report generation.
[[0;32m  OK  [0m] Started LSB: Set the CPU Frequency Scaling governor to "ondemand".
         Starting Terminate Plymouth Boot Screen...
         Starting Hold until boot process finishes up...
[[0;32m  OK  [0m] Started LSB: daemon to balance interrupts for SMP systems.
[[0;32m  OK  [0m] Started Terminate Plymouth Boot Screen.
[[0;32m  OK  [0m] Started Hold until boot process finishes up.
         Starting Set console scheme...
[[0;32m  OK  [0m] Started Getty on tty1.
[[0;32m  OK  [0m] Started Serial Getty on ttyS0.
[[0;32m  OK  [0m] Reached target Login Prompts.
[[0;32m  OK  [0m] Started Set console scheme.
[   14.034377] cloud-init[1178]: Generating locales (this might take a while)...
[[0;32m  OK  [0m] Started Pollinate to seed the pseudo random number generator.
[   14.707343] cloud-init[1178]:   en_US.UTF-8... done
         Starting OpenBSD Secure Shell server...
[   14.729192] cloud-init[1178]: Generation complete.
[[0;32m  OK  [0m] Started OpenBSD Secure Shell server.
[   15.103147] cloud-init[1178]: Cloud-init v. 18.2 running 'modules:config' at Tue, 27 Nov 2018 12:17:55 +0000. Up 13.84 seconds.
[[0;32m  OK  [0m] Started Apply the settings specified in cloud-config.
[[0;32m  OK  [0m] Created slice User Slice of vagrant.
         Starting User Manager for UID 1000...
[[0;32m  OK  [0m] Started Session 1 of user vagrant.
[[0;32m  OK  [0m] Started User Manager for UID 1000.
[[0;32m  OK  [0m] Started Wait until snapd is fully seeded.
[[0;32m  OK  [0m] Reached target Multi-User System.
[[0;32m  OK  [0m] Reached target Graphical Interface.
         Starting Update UTMP about System Runlevel Changes...
         Starting Execute cloud user/final scripts...
[[0;32m  OK  [0m] Started Update UTMP about System Runlevel Changes.
ci-info: no authorized ssh keys fingerprints found for user ubuntu.
<14>Nov 27 12:18:00 ec2: 
<14>Nov 27 12:18:00 ec2: #############################################################
<14>Nov 27 12:18:00 ec2: -----BEGIN SSH HOST KEY FINGERPRINTS-----
<14>Nov 27 12:18:00 ec2: 1024 SHA256:MNBjOQt/oD9SCaY3quM3/loOFnUkL3vk0Wj08g/4xzc root@ubuntu-xenial (DSA)
<14>Nov 27 12:18:00 ec2: 256 SHA256:eW9zsBQzylseF5jPMbP4WT0TrPM4vu42CMcMJQYQG1k root@ubuntu-xenial (ECDSA)
<14>Nov 27 12:18:00 ec2: 256 SHA256:wCSS15glSXzhOlL7ZELQ/pM9UG8TJt6jQbPjuSSTFxo root@ubuntu-xenial (ED25519)
<14>Nov 27 12:18:00 ec2: 2048 SHA256:75pIY/4WBewdCu/ULUkRYF1MnvzwIjXGO2Nv3JGd/PI root@ubuntu-xenial (RSA)
<14>Nov 27 12:18:00 ec2: -----END SSH HOST KEY FINGERPRINTS-----
<14>Nov 27 12:18:00 ec2: #############################################################
-----BEGIN SSH HOST KEY KEYS-----
ecdsa-sha2-nistp256 AAAAE2VjZHNhLXNoYTItbmlzdHAyNTYAAAAIbmlzdHAyNTYAAABBBHavyEcDLlfa6nlLeTO0YdKhTSLPofTo8Pg67ujFFA/ma6WLi48QL2yDHcKEDW1uuoUrz0cVRjbHQAUk3U4nqo4= root@ubuntu-xenial
ssh-ed25519 AAAAC3NzaC1lZDI1NTE5AAAAILqFYp3iH7A3MnFj4HWnyS+BSxMyXlI6xrUZTwLJ73Fh root@ubuntu-xenial
ssh-rsa AAAAB3NzaC1yc2EAAAADAQABAAABAQDbxrnKPSRix8xUq36ZmQEO5JgpK8HxeuW8/yM6Qk8YtIFRQ64Zmrx3AWOUucCqrkVB2nN99F/f3jLrqkqPvlEk0OGazckfYowdWiP5LAivJYNK8VoCeS/e2OfhJCG2449J3nQK1zzIWsbyS11nBJuIPNE+tVDOLbXUMzeIrcJbH+cV9kVbZ8bVcG5HdbQTNsTgv3aHTGAZuSm4ID/2jIfosguCnthjHm0l50POKrreuGJBGTdZSMa7ebcqqSQviUp41D4s7FmsbrfumTSEuNhV2tEgPN4FBJOy7vFVgcHxgt03PhqmngIftQuQPj1JKbqKhDLoskIZUjNL58xdPGxB root@ubuntu-xenial
-----END SSH HOST KEY KEYS-----
[   18.945705] cloud-init[1456]: Cloud-init v. 18.2 running 'modules:final' at Tue, 27 Nov 2018 12:18:00 +0000. Up 18.62 seconds.
[   18.965104] cloud-init[1456]: ci-info: no authorized ssh keys fingerprints found for user ubuntu.
[   18.972492] cloud-init[1456]: Cloud-init v. 18.2 finished at Tue, 27 Nov 2018 12:18:00 +0000. Datasource DataSourceNoCloud [seed=/dev/sdb][dsmode=net].  Up 18.93 seconds

Ubuntu 16.04.4 LTS ubuntu-xenial ttyS0

ubuntu-xenial login: 